<?xml version="1.0" encoding="UTF-8"?>
<!-- Generated by org.testng.reporters.JUnitReportReporter -->
<testsuite hostname="admin-pc" failures="0" tests="1" name="testngpack.Demo" time="0.003" errors="0" timestamp="2022-06-06T17:36:05 IST" skipped="0">
  <testcase classname="testngpack.Demo" name="a" time="0.003"/>
  <system-out>
    <![CDATA[demo class method]]>
  </system-out>
</testsuite> <!-- testngpack.Demo -->
