<?xml version="1.0" encoding="UTF-8"?>
<!-- Generated by org.testng.reporters.JUnitReportReporter -->
<testsuite hostname="admin-pc" failures="0" tests="500" name="testngflags.InvocationCountFlag" time="1.097" errors="0" timestamp="2022-06-06T16:02:02 IST" skipped="0">
  <testcase classname="testngflags.InvocationCountFlag" name="login" time="0.001"/>
  <system-out>
    <![CDATA[login performed]]>
  </system-out>
  <testcase classname="testngflags.InvocationCountFlag" name="login" time="0.000"/>
  <system-out>
    <![CDATA[login performed]]>
  </system-out>
  <testcase classname="testngflags.InvocationCountFlag" name="login" time="0.003"/>
  <system-out>
    <![CDATA[login performed]]>
  </system-out>
  <testcase classname="testngflags.InvocationCountFlag" name="login" time="0.003"/>
  <system-out>
    <![CDATA[login performed]]>
  </system-out>
  <testcase classname="testngflags.InvocationCountFlag" name="login" time="0.002"/>
  <system-out>
    <![CDATA[login performed]]>
  </system-out>
  <testcase classname="testngflags.InvocationCountFlag" name="login" time="0.001"/>
  <system-out>
    <![CDATA[login performed]]>
  </system-out>
  <testcase classname="testngflags.InvocationCountFlag" name="login" time="0.001"/>
  <system-out>
    <![CDATA[login performed]]>
  </system-out>
  <testcase classname="testngflags.InvocationCountFlag" name="login" time="0.022"/>
  <system-out>
    <![CDATA[login performed]]>
  </system-out>
  <testcase classname="testngflags.InvocationCountFlag" name="login" time="0.001"/>
  <system-out>
    <![CDATA[login performed]]>
  </system-out>
  <testcase classname="testngflags.InvocationCountFlag" name="login" time="0.000"/>
  <system-out>
    <![CDATA[login performed]]>
  </system-out>
  <testcase classname="testngflags.InvocationCountFlag" name="login" time="0.002"/>
  <system-out>
    <![CDATA[login performed]]>
  </system-out>
  <testcase classname="testngflags.InvocationCountFlag" name="login" time="0.000"/>
  <system-out>
    <![CDATA[login performed]]>
  </system-out>
  <testcase classname="testngflags.InvocationCountFlag" name="login" time="0.001"/>
  <system-out>
    <![CDATA[login performed]]>
  </system-out>
  <testcase classname="testngflags.InvocationCountFlag" name="login" time="0.002"/>
  <system-out>
    <![CDATA[login performed]]>
  </system-out>
  <testcase classname="testngflags.InvocationCountFlag" name="login" time="0.001"/>
  <system-out>
    <![CDATA[login performed]]>
  </system-out>
  <testcase classname="testngflags.InvocationCountFlag" name="login" time="0.002"/>
  <system-out>
    <![CDATA[login performed]]>
  </system-out>
  <testcase classname="testngflags.InvocationCountFlag" name="login" time="0.002"/>
  <system-out>
    <![CDATA[login performed]]>
  </system-out>
  <testcase classname="testngflags.InvocationCountFlag" name="login" time="0.001"/>
  <system-out>
    <![CDATA[login performed]]>
  </system-out>
  <testcase classname="testngflags.InvocationCountFlag" name="login" time="0.000"/>
  <system-out>
    <![CDATA[login performed]]>
  </system-out>
  <testcase classname="testngflags.InvocationCountFlag" name="login" time="0.004"/>
  <system-out>
    <![CDATA[login performed]]>
  </system-out>
  <testcase classname="testngflags.InvocationCountFlag" name="login" time="0.001"/>
  <system-out>
    <![CDATA[login performed]]>
  </system-out>
  <testcase classname="testngflags.InvocationCountFlag" name="login" time="0.001"/>
  <system-out>
    <![CDATA[login performed]]>
  </system-out>
  <testcase classname="testngflags.InvocationCountFlag" name="login" time="0.002"/>
  <system-out>
    <![CDATA[login performed]]>
  </system-out>
  <testcase classname="testngflags.InvocationCountFlag" name="login" time="0.003"/>
  <system-out>
    <![CDATA[login performed]]>
  </system-out>
  <testcase classname="testngflags.InvocationCountFlag" name="login" time="0.001"/>
  <system-out>
    <![CDATA[login performed]]>
  </system-out>
  <testcase classname="testngflags.InvocationCountFlag" name="login" time="0.000"/>
  <system-out>
    <![CDATA[login performed]]>
  </system-out>
  <testcase classname="testngflags.InvocationCountFlag" name="login" time="0.000"/>
  <system-out>
    <![CDATA[login performed]]>
  </system-out>
  <testcase classname="testngflags.InvocationCountFlag" name="login" time="0.001"/>
  <system-out>
    <![CDATA[login performed]]>
  </system-out>
  <testcase classname="testngflags.InvocationCountFlag" name="login" time="0.001"/>
  <system-out>
    <![CDATA[login performed]]>
  </system-out>
  <testcase classname="testngflags.InvocationCountFlag" name="login" time="0.001"/>
  <system-out>
    <![CDATA[login performed]]>
  </system-out>
  <testcase classname="testngflags.InvocationCountFlag" name="login" time="0.000"/>
  <system-out>
    <![CDATA[login performed]]>
  </system-out>
  <testcase classname="testngflags.InvocationCountFlag" name="login" time="0.003"/>
  <system-out>
    <![CDATA[login performed]]>
  </system-out>
  <testcase classname="testngflags.InvocationCountFlag" name="login" time="0.001"/>
  <system-out>
    <![CDATA[login performed]]>
  </system-out>
  <testcase classname="testngflags.InvocationCountFlag" name="login" time="0.000"/>
  <system-out>
    <![CDATA[login performed]]>
  </system-out>
  <testcase classname="testngflags.InvocationCountFlag" name="login" time="0.001"/>
  <system-out>
    <![CDATA[login performed]]>
  </system-out>
  <testcase classname="testngflags.InvocationCountFlag" name="login" time="0.005"/>
  <system-out>
    <![CDATA[login performed]]>
  </system-out>
  <testcase classname="testngflags.InvocationCountFlag" name="login" time="0.003"/>
  <system-out>
    <![CDATA[login performed]]>
  </system-out>
  <testcase classname="testngflags.InvocationCountFlag" name="login" time="0.001"/>
  <system-out>
    <![CDATA[login performed]]>
  </system-out>
  <testcase classname="testngflags.InvocationCountFlag" name="login" time="0.001"/>
  <system-out>
    <![CDATA[login performed]]>
  </system-out>
  <testcase classname="testngflags.InvocationCountFlag" name="login" time="0.002"/>
  <system-out>
    <![CDATA[login performed]]>
  </system-out>
  <testcase classname="testngflags.InvocationCountFlag" name="login" time="0.001"/>
  <system-out>
    <![CDATA[login performed]]>
  </system-out>
  <testcase classname="testngflags.InvocationCountFlag" name="login" time="0.001"/>
  <system-out>
    <![CDATA[login performed]]>
  </system-out>
  <testcase classname="testngflags.InvocationCountFlag" name="login" time="0.002"/>
  <system-out>
    <![CDATA[login performed]]>
  </system-out>
  <testcase classname="testngflags.InvocationCountFlag" name="login" time="0.001"/>
  <system-out>
    <![CDATA[login performed]]>
  </system-out>
  <testcase classname="testngflags.InvocationCountFlag" name="login" time="0.001"/>
  <system-out>
    <![CDATA[login performed]]>
  </system-out>
  <testcase classname="testngflags.InvocationCountFlag" name="login" time="0.002"/>
  <system-out>
    <![CDATA[login performed]]>
  </system-out>
  <testcase classname="testngflags.InvocationCountFlag" name="login" time="0.002"/>
  <system-out>
    <![CDATA[login performed]]>
  </system-out>
  <testcase classname="testngflags.InvocationCountFlag" name="login" time="0.001"/>
  <system-out>
    <![CDATA[login performed]]>
  </system-out>
  <testcase classname="testngflags.InvocationCountFlag" name="login" time="0.000"/>
  <system-out>
    <![CDATA[login performed]]>
  </system-out>
  <testcase classname="testngflags.InvocationCountFlag" name="login" time="0.001"/>
  <system-out>
    <![CDATA[login performed]]>
  </system-out>
  <testcase classname="testngflags.InvocationCountFlag" name="login" time="0.001"/>
  <system-out>
    <![CDATA[login performed]]>
  </system-out>
  <testcase classname="testngflags.InvocationCountFlag" name="login" time="0.001"/>
  <system-out>
    <![CDATA[login performed]]>
  </system-out>
  <testcase classname="testngflags.InvocationCountFlag" name="login" time="0.001"/>
  <system-out>
    <![CDATA[login performed]]>
  </system-out>
  <testcase classname="testngflags.InvocationCountFlag" name="login" time="0.001"/>
  <system-out>
    <![CDATA[login performed]]>
  </system-out>
  <testcase classname="testngflags.InvocationCountFlag" name="login" time="0.000"/>
  <system-out>
    <![CDATA[login performed]]>
  </system-out>
  <testcase classname="testngflags.InvocationCountFlag" name="login" time="0.000"/>
  <system-out>
    <![CDATA[login performed]]>
  </system-out>
  <testcase classname="testngflags.InvocationCountFlag" name="login" time="0.000"/>
  <system-out>
    <![CDATA[login performed]]>
  </system-out>
  <testcase classname="testngflags.InvocationCountFlag" name="login" time="0.000"/>
  <system-out>
    <![CDATA[login performed]]>
  </system-out>
  <testcase classname="testngflags.InvocationCountFlag" name="login" time="0.001"/>
  <system-out>
    <![CDATA[login performed]]>
  </system-out>
  <testcase classname="testngflags.InvocationCountFlag" name="login" time="0.004"/>
  <system-out>
    <![CDATA[login performed]]>
  </system-out>
  <testcase classname="testngflags.InvocationCountFlag" name="login" time="0.005"/>
  <system-out>
    <![CDATA[login performed]]>
  </system-out>
  <testcase classname="testngflags.InvocationCountFlag" name="login" time="0.001"/>
  <system-out>
    <![CDATA[login performed]]>
  </system-out>
  <testcase classname="testngflags.InvocationCountFlag" name="login" time="0.001"/>
  <system-out>
    <![CDATA[login performed]]>
  </system-out>
  <testcase classname="testngflags.InvocationCountFlag" name="login" time="0.002"/>
  <system-out>
    <![CDATA[login performed]]>
  </system-out>
  <testcase classname="testngflags.InvocationCountFlag" name="login" time="0.001"/>
  <system-out>
    <![CDATA[login performed]]>
  </system-out>
  <testcase classname="testngflags.InvocationCountFlag" name="login" time="0.000"/>
  <system-out>
    <![CDATA[login performed]]>
  </system-out>
  <testcase classname="testngflags.InvocationCountFlag" name="login" time="0.001"/>
  <system-out>
    <![CDATA[login performed]]>
  </system-out>
  <testcase classname="testngflags.InvocationCountFlag" name="login" time="0.001"/>
  <system-out>
    <![CDATA[login performed]]>
  </system-out>
  <testcase classname="testngflags.InvocationCountFlag" name="login" time="0.011"/>
  <system-out>
    <![CDATA[login performed]]>
  </system-out>
  <testcase classname="testngflags.InvocationCountFlag" name="login" time="0.002"/>
  <system-out>
    <![CDATA[login performed]]>
  </system-out>
  <testcase classname="testngflags.InvocationCountFlag" name="login" time="0.001"/>
  <system-out>
    <![CDATA[login performed]]>
  </system-out>
  <testcase classname="testngflags.InvocationCountFlag" name="login" time="0.001"/>
  <system-out>
    <![CDATA[login performed]]>
  </system-out>
  <testcase classname="testngflags.InvocationCountFlag" name="login" time="0.000"/>
  <system-out>
    <![CDATA[login performed]]>
  </system-out>
  <testcase classname="testngflags.InvocationCountFlag" name="login" time="0.000"/>
  <system-out>
    <![CDATA[login performed]]>
  </system-out>
  <testcase classname="testngflags.InvocationCountFlag" name="login" time="0.006"/>
  <system-out>
    <![CDATA[login performed]]>
  </system-out>
  <testcase classname="testngflags.InvocationCountFlag" name="login" time="0.001"/>
  <system-out>
    <![CDATA[login performed]]>
  </system-out>
  <testcase classname="testngflags.InvocationCountFlag" name="login" time="0.001"/>
  <system-out>
    <![CDATA[login performed]]>
  </system-out>
  <testcase classname="testngflags.InvocationCountFlag" name="login" time="0.001"/>
  <system-out>
    <![CDATA[login performed]]>
  </system-out>
  <testcase classname="testngflags.InvocationCountFlag" name="login" time="0.004"/>
  <system-out>
    <![CDATA[login performed]]>
  </system-out>
  <testcase classname="testngflags.InvocationCountFlag" name="login" time="0.000"/>
  <system-out>
    <![CDATA[login performed]]>
  </system-out>
  <testcase classname="testngflags.InvocationCountFlag" name="login" time="0.001"/>
  <system-out>
    <![CDATA[login performed]]>
  </system-out>
  <testcase classname="testngflags.InvocationCountFlag" name="login" time="0.001"/>
  <system-out>
    <![CDATA[login performed]]>
  </system-out>
  <testcase classname="testngflags.InvocationCountFlag" name="login" time="0.000"/>
  <system-out>
    <![CDATA[login performed]]>
  </system-out>
  <testcase classname="testngflags.InvocationCountFlag" name="login" time="0.005"/>
  <system-out>
    <![CDATA[login performed]]>
  </system-out>
  <testcase classname="testngflags.InvocationCountFlag" name="login" time="0.002"/>
  <system-out>
    <![CDATA[login performed]]>
  </system-out>
  <testcase classname="testngflags.InvocationCountFlag" name="login" time="0.002"/>
  <system-out>
    <![CDATA[login performed]]>
  </system-out>
  <testcase classname="testngflags.InvocationCountFlag" name="login" time="0.002"/>
  <system-out>
    <![CDATA[login performed]]>
  </system-out>
  <testcase classname="testngflags.InvocationCountFlag" name="login" time="0.001"/>
  <system-out>
    <![CDATA[login performed]]>
  </system-out>
  <testcase classname="testngflags.InvocationCountFlag" name="login" time="0.001"/>
  <system-out>
    <![CDATA[login performed]]>
  </system-out>
  <testcase classname="testngflags.InvocationCountFlag" name="login" time="0.002"/>
  <system-out>
    <![CDATA[login performed]]>
  </system-out>
  <testcase classname="testngflags.InvocationCountFlag" name="login" time="0.001"/>
  <system-out>
    <![CDATA[login performed]]>
  </system-out>
  <testcase classname="testngflags.InvocationCountFlag" name="login" time="0.001"/>
  <system-out>
    <![CDATA[login performed]]>
  </system-out>
  <testcase classname="testngflags.InvocationCountFlag" name="login" time="0.001"/>
  <system-out>
    <![CDATA[login performed]]>
  </system-out>
  <testcase classname="testngflags.InvocationCountFlag" name="login" time="0.002"/>
  <system-out>
    <![CDATA[login performed]]>
  </system-out>
  <testcase classname="testngflags.InvocationCountFlag" name="login" time="0.011"/>
  <system-out>
    <![CDATA[login performed]]>
  </system-out>
  <testcase classname="testngflags.InvocationCountFlag" name="login" time="0.000"/>
  <system-out>
    <![CDATA[login performed]]>
  </system-out>
  <testcase classname="testngflags.InvocationCountFlag" name="login" time="0.001"/>
  <system-out>
    <![CDATA[login performed]]>
  </system-out>
  <testcase classname="testngflags.InvocationCountFlag" name="login" time="0.002"/>
  <system-out>
    <![CDATA[login performed]]>
  </system-out>
  <testcase classname="testngflags.InvocationCountFlag" name="login" time="0.001"/>
  <system-out>
    <![CDATA[login performed]]>
  </system-out>
  <testcase classname="testngflags.InvocationCountFlag" name="login" time="0.002"/>
  <system-out>
    <![CDATA[login performed]]>
  </system-out>
  <testcase classname="testngflags.InvocationCountFlag" name="login" time="0.000"/>
  <system-out>
    <![CDATA[login performed]]>
  </system-out>
  <testcase classname="testngflags.InvocationCountFlag" name="login" time="0.008"/>
  <system-out>
    <![CDATA[login performed]]>
  </system-out>
  <testcase classname="testngflags.InvocationCountFlag" name="login" time="0.002"/>
  <system-out>
    <![CDATA[login performed]]>
  </system-out>
  <testcase classname="testngflags.InvocationCountFlag" name="login" time="0.004"/>
  <system-out>
    <![CDATA[login performed]]>
  </system-out>
  <testcase classname="testngflags.InvocationCountFlag" name="login" time="0.002"/>
  <system-out>
    <![CDATA[login performed]]>
  </system-out>
  <testcase classname="testngflags.InvocationCountFlag" name="login" time="0.004"/>
  <system-out>
    <![CDATA[login performed]]>
  </system-out>
  <testcase classname="testngflags.InvocationCountFlag" name="login" time="0.001"/>
  <system-out>
    <![CDATA[login performed]]>
  </system-out>
  <testcase classname="testngflags.InvocationCountFlag" name="login" time="0.001"/>
  <system-out>
    <![CDATA[login performed]]>
  </system-out>
  <testcase classname="testngflags.InvocationCountFlag" name="login" time="0.001"/>
  <system-out>
    <![CDATA[login performed]]>
  </system-out>
  <testcase classname="testngflags.InvocationCountFlag" name="login" time="0.002"/>
  <system-out>
    <![CDATA[login performed]]>
  </system-out>
  <testcase classname="testngflags.InvocationCountFlag" name="login" time="0.000"/>
  <system-out>
    <![CDATA[login performed]]>
  </system-out>
  <testcase classname="testngflags.InvocationCountFlag" name="login" time="0.000"/>
  <system-out>
    <![CDATA[login performed]]>
  </system-out>
  <testcase classname="testngflags.InvocationCountFlag" name="login" time="0.001"/>
  <system-out>
    <![CDATA[login performed]]>
  </system-out>
  <testcase classname="testngflags.InvocationCountFlag" name="login" time="0.005"/>
  <system-out>
    <![CDATA[login performed]]>
  </system-out>
  <testcase classname="testngflags.InvocationCountFlag" name="login" time="0.003"/>
  <system-out>
    <![CDATA[login performed]]>
  </system-out>
  <testcase classname="testngflags.InvocationCountFlag" name="login" time="0.002"/>
  <system-out>
    <![CDATA[login performed]]>
  </system-out>
  <testcase classname="testngflags.InvocationCountFlag" name="login" time="0.001"/>
  <system-out>
    <![CDATA[login performed]]>
  </system-out>
  <testcase classname="testngflags.InvocationCountFlag" name="login" time="0.000"/>
  <system-out>
    <![CDATA[login performed]]>
  </system-out>
  <testcase classname="testngflags.InvocationCountFlag" name="login" time="0.006"/>
  <system-out>
    <![CDATA[login performed]]>
  </system-out>
  <testcase classname="testngflags.InvocationCountFlag" name="login" time="0.003"/>
  <system-out>
    <![CDATA[login performed]]>
  </system-out>
  <testcase classname="testngflags.InvocationCountFlag" name="login" time="0.005"/>
  <system-out>
    <![CDATA[login performed]]>
  </system-out>
  <testcase classname="testngflags.InvocationCountFlag" name="login" time="0.001"/>
  <system-out>
    <![CDATA[login performed]]>
  </system-out>
  <testcase classname="testngflags.InvocationCountFlag" name="login" time="0.002"/>
  <system-out>
    <![CDATA[login performed]]>
  </system-out>
  <testcase classname="testngflags.InvocationCountFlag" name="login" time="0.002"/>
  <system-out>
    <![CDATA[login performed]]>
  </system-out>
  <testcase classname="testngflags.InvocationCountFlag" name="login" time="0.003"/>
  <system-out>
    <![CDATA[login performed]]>
  </system-out>
  <testcase classname="testngflags.InvocationCountFlag" name="login" time="0.001"/>
  <system-out>
    <![CDATA[login performed]]>
  </system-out>
  <testcase classname="testngflags.InvocationCountFlag" name="login" time="0.004"/>
  <system-out>
    <![CDATA[login performed]]>
  </system-out>
  <testcase classname="testngflags.InvocationCountFlag" name="login" time="0.015"/>
  <system-out>
    <![CDATA[login performed]]>
  </system-out>
  <testcase classname="testngflags.InvocationCountFlag" name="login" time="0.003"/>
  <system-out>
    <![CDATA[login performed]]>
  </system-out>
  <testcase classname="testngflags.InvocationCountFlag" name="login" time="0.001"/>
  <system-out>
    <![CDATA[login performed]]>
  </system-out>
  <testcase classname="testngflags.InvocationCountFlag" name="login" time="0.001"/>
  <system-out>
    <![CDATA[login performed]]>
  </system-out>
  <testcase classname="testngflags.InvocationCountFlag" name="login" time="0.002"/>
  <system-out>
    <![CDATA[login performed]]>
  </system-out>
  <testcase classname="testngflags.InvocationCountFlag" name="login" time="0.001"/>
  <system-out>
    <![CDATA[login performed]]>
  </system-out>
  <testcase classname="testngflags.InvocationCountFlag" name="login" time="0.000"/>
  <system-out>
    <![CDATA[login performed]]>
  </system-out>
  <testcase classname="testngflags.InvocationCountFlag" name="login" time="0.001"/>
  <system-out>
    <![CDATA[login performed]]>
  </system-out>
  <testcase classname="testngflags.InvocationCountFlag" name="login" time="0.000"/>
  <system-out>
    <![CDATA[login performed]]>
  </system-out>
  <testcase classname="testngflags.InvocationCountFlag" name="login" time="0.001"/>
  <system-out>
    <![CDATA[login performed]]>
  </system-out>
  <testcase classname="testngflags.InvocationCountFlag" name="login" time="0.000"/>
  <system-out>
    <![CDATA[login performed]]>
  </system-out>
  <testcase classname="testngflags.InvocationCountFlag" name="login" time="0.003"/>
  <system-out>
    <![CDATA[login performed]]>
  </system-out>
  <testcase classname="testngflags.InvocationCountFlag" name="login" time="0.006"/>
  <system-out>
    <![CDATA[login performed]]>
  </system-out>
  <testcase classname="testngflags.InvocationCountFlag" name="login" time="0.001"/>
  <system-out>
    <![CDATA[login performed]]>
  </system-out>
  <testcase classname="testngflags.InvocationCountFlag" name="login" time="0.001"/>
  <system-out>
    <![CDATA[login performed]]>
  </system-out>
  <testcase classname="testngflags.InvocationCountFlag" name="login" time="0.005"/>
  <system-out>
    <![CDATA[login performed]]>
  </system-out>
  <testcase classname="testngflags.InvocationCountFlag" name="login" time="0.001"/>
  <system-out>
    <![CDATA[login performed]]>
  </system-out>
  <testcase classname="testngflags.InvocationCountFlag" name="login" time="0.001"/>
  <system-out>
    <![CDATA[login performed]]>
  </system-out>
  <testcase classname="testngflags.InvocationCountFlag" name="login" time="0.001"/>
  <system-out>
    <![CDATA[login performed]]>
  </system-out>
  <testcase classname="testngflags.InvocationCountFlag" name="login" time="0.002"/>
  <system-out>
    <![CDATA[login performed]]>
  </system-out>
  <testcase classname="testngflags.InvocationCountFlag" name="login" time="0.001"/>
  <system-out>
    <![CDATA[login performed]]>
  </system-out>
  <testcase classname="testngflags.InvocationCountFlag" name="login" time="0.001"/>
  <system-out>
    <![CDATA[login performed]]>
  </system-out>
  <testcase classname="testngflags.InvocationCountFlag" name="login" time="0.002"/>
  <system-out>
    <![CDATA[login performed]]>
  </system-out>
  <testcase classname="testngflags.InvocationCountFlag" name="login" time="0.000"/>
  <system-out>
    <![CDATA[login performed]]>
  </system-out>
  <testcase classname="testngflags.InvocationCountFlag" name="login" time="0.000"/>
  <system-out>
    <![CDATA[login performed]]>
  </system-out>
  <testcase classname="testngflags.InvocationCountFlag" name="login" time="0.001"/>
  <system-out>
    <![CDATA[login performed]]>
  </system-out>
  <testcase classname="testngflags.InvocationCountFlag" name="login" time="0.010"/>
  <system-out>
    <![CDATA[login performed]]>
  </system-out>
  <testcase classname="testngflags.InvocationCountFlag" name="login" time="0.001"/>
  <system-out>
    <![CDATA[login performed]]>
  </system-out>
  <testcase classname="testngflags.InvocationCountFlag" name="login" time="0.003"/>
  <system-out>
    <![CDATA[login performed]]>
  </system-out>
  <testcase classname="testngflags.InvocationCountFlag" name="login" time="0.001"/>
  <system-out>
    <![CDATA[login performed]]>
  </system-out>
  <testcase classname="testngflags.InvocationCountFlag" name="login" time="0.001"/>
  <system-out>
    <![CDATA[login performed]]>
  </system-out>
  <testcase classname="testngflags.InvocationCountFlag" name="login" time="0.001"/>
  <system-out>
    <![CDATA[login performed]]>
  </system-out>
  <testcase classname="testngflags.InvocationCountFlag" name="login" time="0.004"/>
  <system-out>
    <![CDATA[login performed]]>
  </system-out>
  <testcase classname="testngflags.InvocationCountFlag" name="login" time="0.003"/>
  <system-out>
    <![CDATA[login performed]]>
  </system-out>
  <testcase classname="testngflags.InvocationCountFlag" name="login" time="0.001"/>
  <system-out>
    <![CDATA[login performed]]>
  </system-out>
  <testcase classname="testngflags.InvocationCountFlag" name="login" time="0.010"/>
  <system-out>
    <![CDATA[login performed]]>
  </system-out>
  <testcase classname="testngflags.InvocationCountFlag" name="login" time="0.001"/>
  <system-out>
    <![CDATA[login performed]]>
  </system-out>
  <testcase classname="testngflags.InvocationCountFlag" name="login" time="0.001"/>
  <system-out>
    <![CDATA[login performed]]>
  </system-out>
  <testcase classname="testngflags.InvocationCountFlag" name="login" time="0.001"/>
  <system-out>
    <![CDATA[login performed]]>
  </system-out>
  <testcase classname="testngflags.InvocationCountFlag" name="login" time="0.001"/>
  <system-out>
    <![CDATA[login performed]]>
  </system-out>
  <testcase classname="testngflags.InvocationCountFlag" name="login" time="0.002"/>
  <system-out>
    <![CDATA[login performed]]>
  </system-out>
  <testcase classname="testngflags.InvocationCountFlag" name="login" time="0.001"/>
  <system-out>
    <![CDATA[login performed]]>
  </system-out>
  <testcase classname="testngflags.InvocationCountFlag" name="login" time="0.001"/>
  <system-out>
    <![CDATA[login performed]]>
  </system-out>
  <testcase classname="testngflags.InvocationCountFlag" name="login" time="0.017"/>
  <system-out>
    <![CDATA[login performed]]>
  </system-out>
  <testcase classname="testngflags.InvocationCountFlag" name="login" time="0.001"/>
  <system-out>
    <![CDATA[login performed]]>
  </system-out>
  <testcase classname="testngflags.InvocationCountFlag" name="login" time="0.001"/>
  <system-out>
    <![CDATA[login performed]]>
  </system-out>
  <testcase classname="testngflags.InvocationCountFlag" name="login" time="0.003"/>
  <system-out>
    <![CDATA[login performed]]>
  </system-out>
  <testcase classname="testngflags.InvocationCountFlag" name="login" time="0.002"/>
  <system-out>
    <![CDATA[login performed]]>
  </system-out>
  <testcase classname="testngflags.InvocationCountFlag" name="login" time="0.002"/>
  <system-out>
    <![CDATA[login performed]]>
  </system-out>
  <testcase classname="testngflags.InvocationCountFlag" name="login" time="0.000"/>
  <system-out>
    <![CDATA[login performed]]>
  </system-out>
  <testcase classname="testngflags.InvocationCountFlag" name="login" time="0.002"/>
  <system-out>
    <![CDATA[login performed]]>
  </system-out>
  <testcase classname="testngflags.InvocationCountFlag" name="login" time="0.000"/>
  <system-out>
    <![CDATA[login performed]]>
  </system-out>
  <testcase classname="testngflags.InvocationCountFlag" name="login" time="0.001"/>
  <system-out>
    <![CDATA[login performed]]>
  </system-out>
  <testcase classname="testngflags.InvocationCountFlag" name="login" time="0.001"/>
  <system-out>
    <![CDATA[login performed]]>
  </system-out>
  <testcase classname="testngflags.InvocationCountFlag" name="login" time="0.002"/>
  <system-out>
    <![CDATA[login performed]]>
  </system-out>
  <testcase classname="testngflags.InvocationCountFlag" name="login" time="0.001"/>
  <system-out>
    <![CDATA[login performed]]>
  </system-out>
  <testcase classname="testngflags.InvocationCountFlag" name="login" time="0.002"/>
  <system-out>
    <![CDATA[login performed]]>
  </system-out>
  <testcase classname="testngflags.InvocationCountFlag" name="login" time="0.000"/>
  <system-out>
    <![CDATA[login performed]]>
  </system-out>
  <testcase classname="testngflags.InvocationCountFlag" name="login" time="0.000"/>
  <system-out>
    <![CDATA[login performed]]>
  </system-out>
  <testcase classname="testngflags.InvocationCountFlag" name="login" time="0.004"/>
  <system-out>
    <![CDATA[login performed]]>
  </system-out>
  <testcase classname="testngflags.InvocationCountFlag" name="login" time="0.003"/>
  <system-out>
    <![CDATA[login performed]]>
  </system-out>
  <testcase classname="testngflags.InvocationCountFlag" name="login" time="0.001"/>
  <system-out>
    <![CDATA[login performed]]>
  </system-out>
  <testcase classname="testngflags.InvocationCountFlag" name="login" time="0.001"/>
  <system-out>
    <![CDATA[login performed]]>
  </system-out>
  <testcase classname="testngflags.InvocationCountFlag" name="login" time="0.000"/>
  <system-out>
    <![CDATA[login performed]]>
  </system-out>
  <testcase classname="testngflags.InvocationCountFlag" name="login" time="0.001"/>
  <system-out>
    <![CDATA[login performed]]>
  </system-out>
  <testcase classname="testngflags.InvocationCountFlag" name="login" time="0.001"/>
  <system-out>
    <![CDATA[login performed]]>
  </system-out>
  <testcase classname="testngflags.InvocationCountFlag" name="login" time="0.001"/>
  <system-out>
    <![CDATA[login performed]]>
  </system-out>
  <testcase classname="testngflags.InvocationCountFlag" name="login" time="0.000"/>
  <system-out>
    <![CDATA[login performed]]>
  </system-out>
  <testcase classname="testngflags.InvocationCountFlag" name="login" time="0.000"/>
  <system-out>
    <![CDATA[login performed]]>
  </system-out>
  <testcase classname="testngflags.InvocationCountFlag" name="login" time="0.001"/>
  <system-out>
    <![CDATA[login performed]]>
  </system-out>
  <testcase classname="testngflags.InvocationCountFlag" name="login" time="0.001"/>
  <system-out>
    <![CDATA[login performed]]>
  </system-out>
  <testcase classname="testngflags.InvocationCountFlag" name="login" time="0.001"/>
  <system-out>
    <![CDATA[login performed]]>
  </system-out>
  <testcase classname="testngflags.InvocationCountFlag" name="login" time="0.001"/>
  <system-out>
    <![CDATA[login performed]]>
  </system-out>
  <testcase classname="testngflags.InvocationCountFlag" name="login" time="0.001"/>
  <system-out>
    <![CDATA[login performed]]>
  </system-out>
  <testcase classname="testngflags.InvocationCountFlag" name="login" time="0.003"/>
  <system-out>
    <![CDATA[login performed]]>
  </system-out>
  <testcase classname="testngflags.InvocationCountFlag" name="login" time="0.005"/>
  <system-out>
    <![CDATA[login performed]]>
  </system-out>
  <testcase classname="testngflags.InvocationCountFlag" name="login" time="0.001"/>
  <system-out>
    <![CDATA[login performed]]>
  </system-out>
  <testcase classname="testngflags.InvocationCountFlag" name="login" time="0.001"/>
  <system-out>
    <![CDATA[login performed]]>
  </system-out>
  <testcase classname="testngflags.InvocationCountFlag" name="login" time="0.001"/>
  <system-out>
    <![CDATA[login performed]]>
  </system-out>
  <testcase classname="testngflags.InvocationCountFlag" name="login" time="0.001"/>
  <system-out>
    <![CDATA[login performed]]>
  </system-out>
  <testcase classname="testngflags.InvocationCountFlag" name="login" time="0.005"/>
  <system-out>
    <![CDATA[login performed]]>
  </system-out>
  <testcase classname="testngflags.InvocationCountFlag" name="login" time="0.004"/>
  <system-out>
    <![CDATA[login performed]]>
  </system-out>
  <testcase classname="testngflags.InvocationCountFlag" name="login" time="0.001"/>
  <system-out>
    <![CDATA[login performed]]>
  </system-out>
  <testcase classname="testngflags.InvocationCountFlag" name="login" time="0.001"/>
  <system-out>
    <![CDATA[login performed]]>
  </system-out>
  <testcase classname="testngflags.InvocationCountFlag" name="login" time="0.003"/>
  <system-out>
    <![CDATA[login performed]]>
  </system-out>
  <testcase classname="testngflags.InvocationCountFlag" name="login" time="0.000"/>
  <system-out>
    <![CDATA[login performed]]>
  </system-out>
  <testcase classname="testngflags.InvocationCountFlag" name="login" time="0.001"/>
  <system-out>
    <![CDATA[login performed]]>
  </system-out>
  <testcase classname="testngflags.InvocationCountFlag" name="login" time="0.001"/>
  <system-out>
    <![CDATA[login performed]]>
  </system-out>
  <testcase classname="testngflags.InvocationCountFlag" name="login" time="0.000"/>
  <system-out>
    <![CDATA[login performed]]>
  </system-out>
  <testcase classname="testngflags.InvocationCountFlag" name="login" time="0.001"/>
  <system-out>
    <![CDATA[login performed]]>
  </system-out>
  <testcase classname="testngflags.InvocationCountFlag" name="login" time="0.000"/>
  <system-out>
    <![CDATA[login performed]]>
  </system-out>
  <testcase classname="testngflags.InvocationCountFlag" name="login" time="0.001"/>
  <system-out>
    <![CDATA[login performed]]>
  </system-out>
  <testcase classname="testngflags.InvocationCountFlag" name="login" time="0.002"/>
  <system-out>
    <![CDATA[login performed]]>
  </system-out>
  <testcase classname="testngflags.InvocationCountFlag" name="login" time="0.001"/>
  <system-out>
    <![CDATA[login performed]]>
  </system-out>
  <testcase classname="testngflags.InvocationCountFlag" name="login" time="0.007"/>
  <system-out>
    <![CDATA[login performed]]>
  </system-out>
  <testcase classname="testngflags.InvocationCountFlag" name="login" time="0.002"/>
  <system-out>
    <![CDATA[login performed]]>
  </system-out>
  <testcase classname="testngflags.InvocationCountFlag" name="login" time="0.002"/>
  <system-out>
    <![CDATA[login performed]]>
  </system-out>
  <testcase classname="testngflags.InvocationCountFlag" name="login" time="0.002"/>
  <system-out>
    <![CDATA[login performed]]>
  </system-out>
  <testcase classname="testngflags.InvocationCountFlag" name="login" time="0.005"/>
  <system-out>
    <![CDATA[login performed]]>
  </system-out>
  <testcase classname="testngflags.InvocationCountFlag" name="login" time="0.005"/>
  <system-out>
    <![CDATA[login performed]]>
  </system-out>
  <testcase classname="testngflags.InvocationCountFlag" name="login" time="0.002"/>
  <system-out>
    <![CDATA[login performed]]>
  </system-out>
  <testcase classname="testngflags.InvocationCountFlag" name="login" time="0.001"/>
  <system-out>
    <![CDATA[login performed]]>
  </system-out>
  <testcase classname="testngflags.InvocationCountFlag" name="login" time="0.001"/>
  <system-out>
    <![CDATA[login performed]]>
  </system-out>
  <testcase classname="testngflags.InvocationCountFlag" name="login" time="0.016"/>
  <system-out>
    <![CDATA[login performed]]>
  </system-out>
  <testcase classname="testngflags.InvocationCountFlag" name="login" time="0.001"/>
  <system-out>
    <![CDATA[login performed]]>
  </system-out>
  <testcase classname="testngflags.InvocationCountFlag" name="login" time="0.000"/>
  <system-out>
    <![CDATA[login performed]]>
  </system-out>
  <testcase classname="testngflags.InvocationCountFlag" name="login" time="0.001"/>
  <system-out>
    <![CDATA[login performed]]>
  </system-out>
  <testcase classname="testngflags.InvocationCountFlag" name="login" time="0.002"/>
  <system-out>
    <![CDATA[login performed]]>
  </system-out>
  <testcase classname="testngflags.InvocationCountFlag" name="login" time="0.002"/>
  <system-out>
    <![CDATA[login performed]]>
  </system-out>
  <testcase classname="testngflags.InvocationCountFlag" name="login" time="0.001"/>
  <system-out>
    <![CDATA[login performed]]>
  </system-out>
  <testcase classname="testngflags.InvocationCountFlag" name="login" time="0.000"/>
  <system-out>
    <![CDATA[login performed]]>
  </system-out>
  <testcase classname="testngflags.InvocationCountFlag" name="login" time="0.008"/>
  <system-out>
    <![CDATA[login performed]]>
  </system-out>
  <testcase classname="testngflags.InvocationCountFlag" name="login" time="0.000"/>
  <system-out>
    <![CDATA[login performed]]>
  </system-out>
  <testcase classname="testngflags.InvocationCountFlag" name="login" time="0.001"/>
  <system-out>
    <![CDATA[login performed]]>
  </system-out>
  <testcase classname="testngflags.InvocationCountFlag" name="login" time="0.001"/>
  <system-out>
    <![CDATA[login performed]]>
  </system-out>
  <testcase classname="testngflags.InvocationCountFlag" name="login" time="0.000"/>
  <system-out>
    <![CDATA[login performed]]>
  </system-out>
  <testcase classname="testngflags.InvocationCountFlag" name="login" time="0.001"/>
  <system-out>
    <![CDATA[login performed]]>
  </system-out>
  <testcase classname="testngflags.InvocationCountFlag" name="login" time="0.000"/>
  <system-out>
    <![CDATA[login performed]]>
  </system-out>
  <testcase classname="testngflags.InvocationCountFlag" name="login" time="0.001"/>
  <system-out>
    <![CDATA[login performed]]>
  </system-out>
  <testcase classname="testngflags.InvocationCountFlag" name="login" time="0.001"/>
  <system-out>
    <![CDATA[login performed]]>
  </system-out>
  <testcase classname="testngflags.InvocationCountFlag" name="login" time="0.003"/>
  <system-out>
    <![CDATA[login performed]]>
  </system-out>
  <testcase classname="testngflags.InvocationCountFlag" name="login" time="0.001"/>
  <system-out>
    <![CDATA[login performed]]>
  </system-out>
  <testcase classname="testngflags.InvocationCountFlag" name="login" time="0.001"/>
  <system-out>
    <![CDATA[login performed]]>
  </system-out>
  <testcase classname="testngflags.InvocationCountFlag" name="login" time="0.003"/>
  <system-out>
    <![CDATA[login performed]]>
  </system-out>
  <testcase classname="testngflags.InvocationCountFlag" name="login" time="0.007"/>
  <system-out>
    <![CDATA[login performed]]>
  </system-out>
  <testcase classname="testngflags.InvocationCountFlag" name="login" time="0.001"/>
  <system-out>
    <![CDATA[login performed]]>
  </system-out>
  <testcase classname="testngflags.InvocationCountFlag" name="login" time="0.004"/>
  <system-out>
    <![CDATA[login performed]]>
  </system-out>
  <testcase classname="testngflags.InvocationCountFlag" name="login" time="0.005"/>
  <system-out>
    <![CDATA[login performed]]>
  </system-out>
  <testcase classname="testngflags.InvocationCountFlag" name="login" time="0.001"/>
  <system-out>
    <![CDATA[login performed]]>
  </system-out>
  <testcase classname="testngflags.InvocationCountFlag" name="login" time="0.001"/>
  <system-out>
    <![CDATA[login performed]]>
  </system-out>
  <testcase classname="testngflags.InvocationCountFlag" name="login" time="0.007"/>
  <system-out>
    <![CDATA[login performed]]>
  </system-out>
  <testcase classname="testngflags.InvocationCountFlag" name="login" time="0.001"/>
  <system-out>
    <![CDATA[login performed]]>
  </system-out>
  <testcase classname="testngflags.InvocationCountFlag" name="login" time="0.001"/>
  <system-out>
    <![CDATA[login performed]]>
  </system-out>
  <testcase classname="testngflags.InvocationCountFlag" name="login" time="0.001"/>
  <system-out>
    <![CDATA[login performed]]>
  </system-out>
  <testcase classname="testngflags.InvocationCountFlag" name="login" time="0.003"/>
  <system-out>
    <![CDATA[login performed]]>
  </system-out>
  <testcase classname="testngflags.InvocationCountFlag" name="login" time="0.003"/>
  <system-out>
    <![CDATA[login performed]]>
  </system-out>
  <testcase classname="testngflags.InvocationCountFlag" name="login" time="0.002"/>
  <system-out>
    <![CDATA[login performed]]>
  </system-out>
  <testcase classname="testngflags.InvocationCountFlag" name="login" time="0.000"/>
  <system-out>
    <![CDATA[login performed]]>
  </system-out>
  <testcase classname="testngflags.InvocationCountFlag" name="login" time="0.004"/>
  <system-out>
    <![CDATA[login performed]]>
  </system-out>
  <testcase classname="testngflags.InvocationCountFlag" name="login" time="0.001"/>
  <system-out>
    <![CDATA[login performed]]>
  </system-out>
  <testcase classname="testngflags.InvocationCountFlag" name="login" time="0.001"/>
  <system-out>
    <![CDATA[login performed]]>
  </system-out>
  <testcase classname="testngflags.InvocationCountFlag" name="login" time="0.003"/>
  <system-out>
    <![CDATA[login performed]]>
  </system-out>
  <testcase classname="testngflags.InvocationCountFlag" name="login" time="0.006"/>
  <system-out>
    <![CDATA[login performed]]>
  </system-out>
  <testcase classname="testngflags.InvocationCountFlag" name="login" time="0.002"/>
  <system-out>
    <![CDATA[login performed]]>
  </system-out>
  <testcase classname="testngflags.InvocationCountFlag" name="login" time="0.002"/>
  <system-out>
    <![CDATA[login performed]]>
  </system-out>
  <testcase classname="testngflags.InvocationCountFlag" name="login" time="0.004"/>
  <system-out>
    <![CDATA[login performed]]>
  </system-out>
  <testcase classname="testngflags.InvocationCountFlag" name="login" time="0.001"/>
  <system-out>
    <![CDATA[login performed]]>
  </system-out>
  <testcase classname="testngflags.InvocationCountFlag" name="login" time="0.003"/>
  <system-out>
    <![CDATA[login performed]]>
  </system-out>
  <testcase classname="testngflags.InvocationCountFlag" name="login" time="0.001"/>
  <system-out>
    <![CDATA[login performed]]>
  </system-out>
  <testcase classname="testngflags.InvocationCountFlag" name="login" time="0.001"/>
  <system-out>
    <![CDATA[login performed]]>
  </system-out>
  <testcase classname="testngflags.InvocationCountFlag" name="login" time="0.001"/>
  <system-out>
    <![CDATA[login performed]]>
  </system-out>
  <testcase classname="testngflags.InvocationCountFlag" name="login" time="0.002"/>
  <system-out>
    <![CDATA[login performed]]>
  </system-out>
  <testcase classname="testngflags.InvocationCountFlag" name="login" time="0.001"/>
  <system-out>
    <![CDATA[login performed]]>
  </system-out>
  <testcase classname="testngflags.InvocationCountFlag" name="login" time="0.005"/>
  <system-out>
    <![CDATA[login performed]]>
  </system-out>
  <testcase classname="testngflags.InvocationCountFlag" name="login" time="0.003"/>
  <system-out>
    <![CDATA[login performed]]>
  </system-out>
  <testcase classname="testngflags.InvocationCountFlag" name="login" time="0.000"/>
  <system-out>
    <![CDATA[login performed]]>
  </system-out>
  <testcase classname="testngflags.InvocationCountFlag" name="login" time="0.001"/>
  <system-out>
    <![CDATA[login performed]]>
  </system-out>
  <testcase classname="testngflags.InvocationCountFlag" name="login" time="0.005"/>
  <system-out>
    <![CDATA[login performed]]>
  </system-out>
  <testcase classname="testngflags.InvocationCountFlag" name="login" time="0.001"/>
  <system-out>
    <![CDATA[login performed]]>
  </system-out>
  <testcase classname="testngflags.InvocationCountFlag" name="login" time="0.001"/>
  <system-out>
    <![CDATA[login performed]]>
  </system-out>
  <testcase classname="testngflags.InvocationCountFlag" name="login" time="0.000"/>
  <system-out>
    <![CDATA[login performed]]>
  </system-out>
  <testcase classname="testngflags.InvocationCountFlag" name="login" time="0.002"/>
  <system-out>
    <![CDATA[login performed]]>
  </system-out>
  <testcase classname="testngflags.InvocationCountFlag" name="login" time="0.001"/>
  <system-out>
    <![CDATA[login performed]]>
  </system-out>
  <testcase classname="testngflags.InvocationCountFlag" name="login" time="0.001"/>
  <system-out>
    <![CDATA[login performed]]>
  </system-out>
  <testcase classname="testngflags.InvocationCountFlag" name="login" time="0.001"/>
  <system-out>
    <![CDATA[login performed]]>
  </system-out>
  <testcase classname="testngflags.InvocationCountFlag" name="login" time="0.001"/>
  <system-out>
    <![CDATA[login performed]]>
  </system-out>
  <testcase classname="testngflags.InvocationCountFlag" name="login" time="0.000"/>
  <system-out>
    <![CDATA[login performed]]>
  </system-out>
  <testcase classname="testngflags.InvocationCountFlag" name="login" time="0.002"/>
  <system-out>
    <![CDATA[login performed]]>
  </system-out>
  <testcase classname="testngflags.InvocationCountFlag" name="login" time="0.055"/>
  <system-out>
    <![CDATA[login performed]]>
  </system-out>
  <testcase classname="testngflags.InvocationCountFlag" name="login" time="0.001"/>
  <system-out>
    <![CDATA[login performed]]>
  </system-out>
  <testcase classname="testngflags.InvocationCountFlag" name="login" time="0.001"/>
  <system-out>
    <![CDATA[login performed]]>
  </system-out>
  <testcase classname="testngflags.InvocationCountFlag" name="login" time="0.001"/>
  <system-out>
    <![CDATA[login performed]]>
  </system-out>
  <testcase classname="testngflags.InvocationCountFlag" name="login" time="0.001"/>
  <system-out>
    <![CDATA[login performed]]>
  </system-out>
  <testcase classname="testngflags.InvocationCountFlag" name="login" time="0.002"/>
  <system-out>
    <![CDATA[login performed]]>
  </system-out>
  <testcase classname="testngflags.InvocationCountFlag" name="login" time="0.003"/>
  <system-out>
    <![CDATA[login performed]]>
  </system-out>
  <testcase classname="testngflags.InvocationCountFlag" name="login" time="0.001"/>
  <system-out>
    <![CDATA[login performed]]>
  </system-out>
  <testcase classname="testngflags.InvocationCountFlag" name="login" time="0.003"/>
  <system-out>
    <![CDATA[login performed]]>
  </system-out>
  <testcase classname="testngflags.InvocationCountFlag" name="login" time="0.000"/>
  <system-out>
    <![CDATA[login performed]]>
  </system-out>
  <testcase classname="testngflags.InvocationCountFlag" name="login" time="0.008"/>
  <system-out>
    <![CDATA[login performed]]>
  </system-out>
  <testcase classname="testngflags.InvocationCountFlag" name="login" time="0.000"/>
  <system-out>
    <![CDATA[login performed]]>
  </system-out>
  <testcase classname="testngflags.InvocationCountFlag" name="login" time="0.002"/>
  <system-out>
    <![CDATA[login performed]]>
  </system-out>
  <testcase classname="testngflags.InvocationCountFlag" name="login" time="0.002"/>
  <system-out>
    <![CDATA[login performed]]>
  </system-out>
  <testcase classname="testngflags.InvocationCountFlag" name="login" time="0.001"/>
  <system-out>
    <![CDATA[login performed]]>
  </system-out>
  <testcase classname="testngflags.InvocationCountFlag" name="login" time="0.001"/>
  <system-out>
    <![CDATA[login performed]]>
  </system-out>
  <testcase classname="testngflags.InvocationCountFlag" name="login" time="0.001"/>
  <system-out>
    <![CDATA[login performed]]>
  </system-out>
  <testcase classname="testngflags.InvocationCountFlag" name="login" time="0.004"/>
  <system-out>
    <![CDATA[login performed]]>
  </system-out>
  <testcase classname="testngflags.InvocationCountFlag" name="login" time="0.001"/>
  <system-out>
    <![CDATA[login performed]]>
  </system-out>
  <testcase classname="testngflags.InvocationCountFlag" name="login" time="0.001"/>
  <system-out>
    <![CDATA[login performed]]>
  </system-out>
  <testcase classname="testngflags.InvocationCountFlag" name="login" time="0.001"/>
  <system-out>
    <![CDATA[login performed]]>
  </system-out>
  <testcase classname="testngflags.InvocationCountFlag" name="login" time="0.001"/>
  <system-out>
    <![CDATA[login performed]]>
  </system-out>
  <testcase classname="testngflags.InvocationCountFlag" name="login" time="0.001"/>
  <system-out>
    <![CDATA[login performed]]>
  </system-out>
  <testcase classname="testngflags.InvocationCountFlag" name="login" time="0.001"/>
  <system-out>
    <![CDATA[login performed]]>
  </system-out>
  <testcase classname="testngflags.InvocationCountFlag" name="login" time="0.003"/>
  <system-out>
    <![CDATA[login performed]]>
  </system-out>
  <testcase classname="testngflags.InvocationCountFlag" name="login" time="0.001"/>
  <system-out>
    <![CDATA[login performed]]>
  </system-out>
  <testcase classname="testngflags.InvocationCountFlag" name="login" time="0.001"/>
  <system-out>
    <![CDATA[login performed]]>
  </system-out>
  <testcase classname="testngflags.InvocationCountFlag" name="login" time="0.001"/>
  <system-out>
    <![CDATA[login performed]]>
  </system-out>
  <testcase classname="testngflags.InvocationCountFlag" name="login" time="0.004"/>
  <system-out>
    <![CDATA[login performed]]>
  </system-out>
  <testcase classname="testngflags.InvocationCountFlag" name="login" time="0.001"/>
  <system-out>
    <![CDATA[login performed]]>
  </system-out>
  <testcase classname="testngflags.InvocationCountFlag" name="login" time="0.001"/>
  <system-out>
    <![CDATA[login performed]]>
  </system-out>
  <testcase classname="testngflags.InvocationCountFlag" name="login" time="0.002"/>
  <system-out>
    <![CDATA[login performed]]>
  </system-out>
  <testcase classname="testngflags.InvocationCountFlag" name="login" time="0.000"/>
  <system-out>
    <![CDATA[login performed]]>
  </system-out>
  <testcase classname="testngflags.InvocationCountFlag" name="login" time="0.000"/>
  <system-out>
    <![CDATA[login performed]]>
  </system-out>
  <testcase classname="testngflags.InvocationCountFlag" name="login" time="0.003"/>
  <system-out>
    <![CDATA[login performed]]>
  </system-out>
  <testcase classname="testngflags.InvocationCountFlag" name="login" time="0.001"/>
  <system-out>
    <![CDATA[login performed]]>
  </system-out>
  <testcase classname="testngflags.InvocationCountFlag" name="login" time="0.001"/>
  <system-out>
    <![CDATA[login performed]]>
  </system-out>
  <testcase classname="testngflags.InvocationCountFlag" name="login" time="0.001"/>
  <system-out>
    <![CDATA[login performed]]>
  </system-out>
  <testcase classname="testngflags.InvocationCountFlag" name="login" time="0.002"/>
  <system-out>
    <![CDATA[login performed]]>
  </system-out>
  <testcase classname="testngflags.InvocationCountFlag" name="login" time="0.001"/>
  <system-out>
    <![CDATA[login performed]]>
  </system-out>
  <testcase classname="testngflags.InvocationCountFlag" name="login" time="0.001"/>
  <system-out>
    <![CDATA[login performed]]>
  </system-out>
  <testcase classname="testngflags.InvocationCountFlag" name="login" time="0.002"/>
  <system-out>
    <![CDATA[login performed]]>
  </system-out>
  <testcase classname="testngflags.InvocationCountFlag" name="login" time="0.001"/>
  <system-out>
    <![CDATA[login performed]]>
  </system-out>
  <testcase classname="testngflags.InvocationCountFlag" name="login" time="0.000"/>
  <system-out>
    <![CDATA[login performed]]>
  </system-out>
  <testcase classname="testngflags.InvocationCountFlag" name="login" time="0.003"/>
  <system-out>
    <![CDATA[login performed]]>
  </system-out>
  <testcase classname="testngflags.InvocationCountFlag" name="login" time="0.037"/>
  <system-out>
    <![CDATA[login performed]]>
  </system-out>
  <testcase classname="testngflags.InvocationCountFlag" name="login" time="0.001"/>
  <system-out>
    <![CDATA[login performed]]>
  </system-out>
  <testcase classname="testngflags.InvocationCountFlag" name="login" time="0.014"/>
  <system-out>
    <![CDATA[login performed]]>
  </system-out>
  <testcase classname="testngflags.InvocationCountFlag" name="login" time="0.001"/>
  <system-out>
    <![CDATA[login performed]]>
  </system-out>
  <testcase classname="testngflags.InvocationCountFlag" name="login" time="0.000"/>
  <system-out>
    <![CDATA[login performed]]>
  </system-out>
  <testcase classname="testngflags.InvocationCountFlag" name="login" time="0.005"/>
  <system-out>
    <![CDATA[login performed]]>
  </system-out>
  <testcase classname="testngflags.InvocationCountFlag" name="login" time="0.001"/>
  <system-out>
    <![CDATA[login performed]]>
  </system-out>
  <testcase classname="testngflags.InvocationCountFlag" name="login" time="0.001"/>
  <system-out>
    <![CDATA[login performed]]>
  </system-out>
  <testcase classname="testngflags.InvocationCountFlag" name="login" time="0.001"/>
  <system-out>
    <![CDATA[login performed]]>
  </system-out>
  <testcase classname="testngflags.InvocationCountFlag" name="login" time="0.002"/>
  <system-out>
    <![CDATA[login performed]]>
  </system-out>
  <testcase classname="testngflags.InvocationCountFlag" name="login" time="0.003"/>
  <system-out>
    <![CDATA[login performed]]>
  </system-out>
  <testcase classname="testngflags.InvocationCountFlag" name="login" time="0.001"/>
  <system-out>
    <![CDATA[login performed]]>
  </system-out>
  <testcase classname="testngflags.InvocationCountFlag" name="login" time="0.001"/>
  <system-out>
    <![CDATA[login performed]]>
  </system-out>
  <testcase classname="testngflags.InvocationCountFlag" name="login" time="0.001"/>
  <system-out>
    <![CDATA[login performed]]>
  </system-out>
  <testcase classname="testngflags.InvocationCountFlag" name="login" time="0.001"/>
  <system-out>
    <![CDATA[login performed]]>
  </system-out>
  <testcase classname="testngflags.InvocationCountFlag" name="login" time="0.001"/>
  <system-out>
    <![CDATA[login performed]]>
  </system-out>
  <testcase classname="testngflags.InvocationCountFlag" name="login" time="0.001"/>
  <system-out>
    <![CDATA[login performed]]>
  </system-out>
  <testcase classname="testngflags.InvocationCountFlag" name="login" time="0.000"/>
  <system-out>
    <![CDATA[login performed]]>
  </system-out>
  <testcase classname="testngflags.InvocationCountFlag" name="login" time="0.000"/>
  <system-out>
    <![CDATA[login performed]]>
  </system-out>
  <testcase classname="testngflags.InvocationCountFlag" name="login" time="0.006"/>
  <system-out>
    <![CDATA[login performed]]>
  </system-out>
  <testcase classname="testngflags.InvocationCountFlag" name="login" time="0.005"/>
  <system-out>
    <![CDATA[login performed]]>
  </system-out>
  <testcase classname="testngflags.InvocationCountFlag" name="login" time="0.001"/>
  <system-out>
    <![CDATA[login performed]]>
  </system-out>
  <testcase classname="testngflags.InvocationCountFlag" name="login" time="0.001"/>
  <system-out>
    <![CDATA[login performed]]>
  </system-out>
  <testcase classname="testngflags.InvocationCountFlag" name="login" time="0.006"/>
  <system-out>
    <![CDATA[login performed]]>
  </system-out>
  <testcase classname="testngflags.InvocationCountFlag" name="login" time="0.006"/>
  <system-out>
    <![CDATA[login performed]]>
  </system-out>
  <testcase classname="testngflags.InvocationCountFlag" name="login" time="0.001"/>
  <system-out>
    <![CDATA[login performed]]>
  </system-out>
  <testcase classname="testngflags.InvocationCountFlag" name="login" time="0.002"/>
  <system-out>
    <![CDATA[login performed]]>
  </system-out>
  <testcase classname="testngflags.InvocationCountFlag" name="login" time="0.001"/>
  <system-out>
    <![CDATA[login performed]]>
  </system-out>
  <testcase classname="testngflags.InvocationCountFlag" name="login" time="0.002"/>
  <system-out>
    <![CDATA[login performed]]>
  </system-out>
  <testcase classname="testngflags.InvocationCountFlag" name="login" time="0.001"/>
  <system-out>
    <![CDATA[login performed]]>
  </system-out>
  <testcase classname="testngflags.InvocationCountFlag" name="login" time="0.002"/>
  <system-out>
    <![CDATA[login performed]]>
  </system-out>
  <testcase classname="testngflags.InvocationCountFlag" name="login" time="0.001"/>
  <system-out>
    <![CDATA[login performed]]>
  </system-out>
  <testcase classname="testngflags.InvocationCountFlag" name="login" time="0.001"/>
  <system-out>
    <![CDATA[login performed]]>
  </system-out>
  <testcase classname="testngflags.InvocationCountFlag" name="login" time="0.001"/>
  <system-out>
    <![CDATA[login performed]]>
  </system-out>
  <testcase classname="testngflags.InvocationCountFlag" name="login" time="0.002"/>
  <system-out>
    <![CDATA[login performed]]>
  </system-out>
  <testcase classname="testngflags.InvocationCountFlag" name="login" time="0.001"/>
  <system-out>
    <![CDATA[login performed]]>
  </system-out>
  <testcase classname="testngflags.InvocationCountFlag" name="login" time="0.001"/>
  <system-out>
    <![CDATA[login performed]]>
  </system-out>
  <testcase classname="testngflags.InvocationCountFlag" name="login" time="0.001"/>
  <system-out>
    <![CDATA[login performed]]>
  </system-out>
  <testcase classname="testngflags.InvocationCountFlag" name="login" time="0.005"/>
  <system-out>
    <![CDATA[login performed]]>
  </system-out>
  <testcase classname="testngflags.InvocationCountFlag" name="login" time="0.001"/>
  <system-out>
    <![CDATA[login performed]]>
  </system-out>
  <testcase classname="testngflags.InvocationCountFlag" name="login" time="0.000"/>
  <system-out>
    <![CDATA[login performed]]>
  </system-out>
  <testcase classname="testngflags.InvocationCountFlag" name="login" time="0.001"/>
  <system-out>
    <![CDATA[login performed]]>
  </system-out>
  <testcase classname="testngflags.InvocationCountFlag" name="login" time="0.046"/>
  <system-out>
    <![CDATA[login performed]]>
  </system-out>
  <testcase classname="testngflags.InvocationCountFlag" name="login" time="0.001"/>
  <system-out>
    <![CDATA[login performed]]>
  </system-out>
  <testcase classname="testngflags.InvocationCountFlag" name="login" time="0.001"/>
  <system-out>
    <![CDATA[login performed]]>
  </system-out>
  <testcase classname="testngflags.InvocationCountFlag" name="login" time="0.001"/>
  <system-out>
    <![CDATA[login performed]]>
  </system-out>
  <testcase classname="testngflags.InvocationCountFlag" name="login" time="0.001"/>
  <system-out>
    <![CDATA[login performed]]>
  </system-out>
  <testcase classname="testngflags.InvocationCountFlag" name="login" time="0.005"/>
  <system-out>
    <![CDATA[login performed]]>
  </system-out>
  <testcase classname="testngflags.InvocationCountFlag" name="login" time="0.002"/>
  <system-out>
    <![CDATA[login performed]]>
  </system-out>
  <testcase classname="testngflags.InvocationCountFlag" name="login" time="0.001"/>
  <system-out>
    <![CDATA[login performed]]>
  </system-out>
  <testcase classname="testngflags.InvocationCountFlag" name="login" time="0.001"/>
  <system-out>
    <![CDATA[login performed]]>
  </system-out>
  <testcase classname="testngflags.InvocationCountFlag" name="login" time="0.001"/>
  <system-out>
    <![CDATA[login performed]]>
  </system-out>
  <testcase classname="testngflags.InvocationCountFlag" name="login" time="0.004"/>
  <system-out>
    <![CDATA[login performed]]>
  </system-out>
  <testcase classname="testngflags.InvocationCountFlag" name="login" time="0.007"/>
  <system-out>
    <![CDATA[login performed]]>
  </system-out>
  <testcase classname="testngflags.InvocationCountFlag" name="login" time="0.001"/>
  <system-out>
    <![CDATA[login performed]]>
  </system-out>
  <testcase classname="testngflags.InvocationCountFlag" name="login" time="0.005"/>
  <system-out>
    <![CDATA[login performed]]>
  </system-out>
  <testcase classname="testngflags.InvocationCountFlag" name="login" time="0.001"/>
  <system-out>
    <![CDATA[login performed]]>
  </system-out>
  <testcase classname="testngflags.InvocationCountFlag" name="login" time="0.000"/>
  <system-out>
    <![CDATA[login performed]]>
  </system-out>
  <testcase classname="testngflags.InvocationCountFlag" name="login" time="0.001"/>
  <system-out>
    <![CDATA[login performed]]>
  </system-out>
  <testcase classname="testngflags.InvocationCountFlag" name="login" time="0.001"/>
  <system-out>
    <![CDATA[login performed]]>
  </system-out>
  <testcase classname="testngflags.InvocationCountFlag" name="login" time="0.009"/>
  <system-out>
    <![CDATA[login performed]]>
  </system-out>
  <testcase classname="testngflags.InvocationCountFlag" name="login" time="0.000"/>
  <system-out>
    <![CDATA[login performed]]>
  </system-out>
  <testcase classname="testngflags.InvocationCountFlag" name="login" time="0.001"/>
  <system-out>
    <![CDATA[login performed]]>
  </system-out>
  <testcase classname="testngflags.InvocationCountFlag" name="login" time="0.003"/>
  <system-out>
    <![CDATA[login performed]]>
  </system-out>
  <testcase classname="testngflags.InvocationCountFlag" name="login" time="0.001"/>
  <system-out>
    <![CDATA[login performed]]>
  </system-out>
  <testcase classname="testngflags.InvocationCountFlag" name="login" time="0.001"/>
  <system-out>
    <![CDATA[login performed]]>
  </system-out>
  <testcase classname="testngflags.InvocationCountFlag" name="login" time="0.004"/>
  <system-out>
    <![CDATA[login performed]]>
  </system-out>
  <testcase classname="testngflags.InvocationCountFlag" name="login" time="0.001"/>
  <system-out>
    <![CDATA[login performed]]>
  </system-out>
  <testcase classname="testngflags.InvocationCountFlag" name="login" time="0.001"/>
  <system-out>
    <![CDATA[login performed]]>
  </system-out>
  <testcase classname="testngflags.InvocationCountFlag" name="login" time="0.001"/>
  <system-out>
    <![CDATA[login performed]]>
  </system-out>
  <testcase classname="testngflags.InvocationCountFlag" name="login" time="0.001"/>
  <system-out>
    <![CDATA[login performed]]>
  </system-out>
  <testcase classname="testngflags.InvocationCountFlag" name="login" time="0.002"/>
  <system-out>
    <![CDATA[login performed]]>
  </system-out>
  <testcase classname="testngflags.InvocationCountFlag" name="login" time="0.000"/>
  <system-out>
    <![CDATA[login performed]]>
  </system-out>
  <testcase classname="testngflags.InvocationCountFlag" name="login" time="0.001"/>
  <system-out>
    <![CDATA[login performed]]>
  </system-out>
  <testcase classname="testngflags.InvocationCountFlag" name="login" time="0.001"/>
  <system-out>
    <![CDATA[login performed]]>
  </system-out>
  <testcase classname="testngflags.InvocationCountFlag" name="login" time="0.002"/>
  <system-out>
    <![CDATA[login performed]]>
  </system-out>
  <testcase classname="testngflags.InvocationCountFlag" name="login" time="0.002"/>
  <system-out>
    <![CDATA[login performed]]>
  </system-out>
  <testcase classname="testngflags.InvocationCountFlag" name="login" time="0.001"/>
  <system-out>
    <![CDATA[login performed]]>
  </system-out>
  <testcase classname="testngflags.InvocationCountFlag" name="login" time="0.001"/>
  <system-out>
    <![CDATA[login performed]]>
  </system-out>
  <testcase classname="testngflags.InvocationCountFlag" name="login" time="0.002"/>
  <system-out>
    <![CDATA[login performed]]>
  </system-out>
  <testcase classname="testngflags.InvocationCountFlag" name="login" time="0.001"/>
  <system-out>
    <![CDATA[login performed]]>
  </system-out>
  <testcase classname="testngflags.InvocationCountFlag" name="login" time="0.000"/>
  <system-out>
    <![CDATA[login performed]]>
  </system-out>
  <testcase classname="testngflags.InvocationCountFlag" name="login" time="0.001"/>
  <system-out>
    <![CDATA[login performed]]>
  </system-out>
  <testcase classname="testngflags.InvocationCountFlag" name="login" time="0.000"/>
  <system-out>
    <![CDATA[login performed]]>
  </system-out>
  <testcase classname="testngflags.InvocationCountFlag" name="login" time="0.001"/>
  <system-out>
    <![CDATA[login performed]]>
  </system-out>
  <testcase classname="testngflags.InvocationCountFlag" name="login" time="0.000"/>
  <system-out>
    <![CDATA[login performed]]>
  </system-out>
  <testcase classname="testngflags.InvocationCountFlag" name="login" time="0.000"/>
  <system-out>
    <![CDATA[login performed]]>
  </system-out>
  <testcase classname="testngflags.InvocationCountFlag" name="login" time="0.002"/>
  <system-out>
    <![CDATA[login performed]]>
  </system-out>
  <testcase classname="testngflags.InvocationCountFlag" name="login" time="0.006"/>
  <system-out>
    <![CDATA[login performed]]>
  </system-out>
  <testcase classname="testngflags.InvocationCountFlag" name="login" time="0.003"/>
  <system-out>
    <![CDATA[login performed]]>
  </system-out>
  <testcase classname="testngflags.InvocationCountFlag" name="login" time="0.004"/>
  <system-out>
    <![CDATA[login performed]]>
  </system-out>
  <testcase classname="testngflags.InvocationCountFlag" name="login" time="0.010"/>
  <system-out>
    <![CDATA[login performed]]>
  </system-out>
  <testcase classname="testngflags.InvocationCountFlag" name="login" time="0.001"/>
  <system-out>
    <![CDATA[login performed]]>
  </system-out>
  <testcase classname="testngflags.InvocationCountFlag" name="login" time="0.001"/>
  <system-out>
    <![CDATA[login performed]]>
  </system-out>
  <testcase classname="testngflags.InvocationCountFlag" name="login" time="0.001"/>
  <system-out>
    <![CDATA[login performed]]>
  </system-out>
  <testcase classname="testngflags.InvocationCountFlag" name="login" time="0.001"/>
  <system-out>
    <![CDATA[login performed]]>
  </system-out>
  <testcase classname="testngflags.InvocationCountFlag" name="login" time="0.001"/>
  <system-out>
    <![CDATA[login performed]]>
  </system-out>
  <testcase classname="testngflags.InvocationCountFlag" name="login" time="0.000"/>
  <system-out>
    <![CDATA[login performed]]>
  </system-out>
  <testcase classname="testngflags.InvocationCountFlag" name="login" time="0.002"/>
  <system-out>
    <![CDATA[login performed]]>
  </system-out>
  <testcase classname="testngflags.InvocationCountFlag" name="login" time="0.001"/>
  <system-out>
    <![CDATA[login performed]]>
  </system-out>
  <testcase classname="testngflags.InvocationCountFlag" name="login" time="0.002"/>
  <system-out>
    <![CDATA[login performed]]>
  </system-out>
  <testcase classname="testngflags.InvocationCountFlag" name="login" time="0.000"/>
  <system-out>
    <![CDATA[login performed]]>
  </system-out>
  <testcase classname="testngflags.InvocationCountFlag" name="login" time="0.008"/>
  <system-out>
    <![CDATA[login performed]]>
  </system-out>
  <testcase classname="testngflags.InvocationCountFlag" name="login" time="0.001"/>
  <system-out>
    <![CDATA[login performed]]>
  </system-out>
  <testcase classname="testngflags.InvocationCountFlag" name="login" time="0.001"/>
  <system-out>
    <![CDATA[login performed]]>
  </system-out>
  <testcase classname="testngflags.InvocationCountFlag" name="login" time="0.002"/>
  <system-out>
    <![CDATA[login performed]]>
  </system-out>
  <testcase classname="testngflags.InvocationCountFlag" name="login" time="0.001"/>
  <system-out>
    <![CDATA[login performed]]>
  </system-out>
  <testcase classname="testngflags.InvocationCountFlag" name="login" time="0.001"/>
  <system-out>
    <![CDATA[login performed]]>
  </system-out>
  <testcase classname="testngflags.InvocationCountFlag" name="login" time="0.014"/>
  <system-out>
    <![CDATA[login performed]]>
  </system-out>
  <testcase classname="testngflags.InvocationCountFlag" name="login" time="0.001"/>
  <system-out>
    <![CDATA[login performed]]>
  </system-out>
  <testcase classname="testngflags.InvocationCountFlag" name="login" time="0.001"/>
  <system-out>
    <![CDATA[login performed]]>
  </system-out>
  <testcase classname="testngflags.InvocationCountFlag" name="login" time="0.001"/>
  <system-out>
    <![CDATA[login performed]]>
  </system-out>
  <testcase classname="testngflags.InvocationCountFlag" name="login" time="0.000"/>
  <system-out>
    <![CDATA[login performed]]>
  </system-out>
  <testcase classname="testngflags.InvocationCountFlag" name="login" time="0.008"/>
  <system-out>
    <![CDATA[login performed]]>
  </system-out>
  <testcase classname="testngflags.InvocationCountFlag" name="login" time="0.001"/>
  <system-out>
    <![CDATA[login performed]]>
  </system-out>
  <testcase classname="testngflags.InvocationCountFlag" name="login" time="0.002"/>
  <system-out>
    <![CDATA[login performed]]>
  </system-out>
  <testcase classname="testngflags.InvocationCountFlag" name="login" time="0.003"/>
  <system-out>
    <![CDATA[login performed]]>
  </system-out>
  <testcase classname="testngflags.InvocationCountFlag" name="login" time="0.001"/>
  <system-out>
    <![CDATA[login performed]]>
  </system-out>
  <testcase classname="testngflags.InvocationCountFlag" name="login" time="0.007"/>
  <system-out>
    <![CDATA[login performed]]>
  </system-out>
  <testcase classname="testngflags.InvocationCountFlag" name="login" time="0.001"/>
  <system-out>
    <![CDATA[login performed]]>
  </system-out>
  <testcase classname="testngflags.InvocationCountFlag" name="login" time="0.001"/>
  <system-out>
    <![CDATA[login performed]]>
  </system-out>
  <testcase classname="testngflags.InvocationCountFlag" name="login" time="0.001"/>
  <system-out>
    <![CDATA[login performed]]>
  </system-out>
  <testcase classname="testngflags.InvocationCountFlag" name="login" time="0.001"/>
  <system-out>
    <![CDATA[login performed]]>
  </system-out>
  <testcase classname="testngflags.InvocationCountFlag" name="login" time="0.003"/>
  <system-out>
    <![CDATA[login performed]]>
  </system-out>
  <testcase classname="testngflags.InvocationCountFlag" name="login" time="0.000"/>
  <system-out>
    <![CDATA[login performed]]>
  </system-out>
  <testcase classname="testngflags.InvocationCountFlag" name="login" time="0.001"/>
  <system-out>
    <![CDATA[login performed]]>
  </system-out>
  <testcase classname="testngflags.InvocationCountFlag" name="login" time="0.002"/>
  <system-out>
    <![CDATA[login performed]]>
  </system-out>
  <testcase classname="testngflags.InvocationCountFlag" name="login" time="0.003"/>
  <system-out>
    <![CDATA[login performed]]>
  </system-out>
  <testcase classname="testngflags.InvocationCountFlag" name="login" time="0.002"/>
  <system-out>
    <![CDATA[login performed]]>
  </system-out>
  <testcase classname="testngflags.InvocationCountFlag" name="login" time="0.002"/>
  <system-out>
    <![CDATA[login performed]]>
  </system-out>
  <testcase classname="testngflags.InvocationCountFlag" name="login" time="0.000"/>
  <system-out>
    <![CDATA[login performed]]>
  </system-out>
  <testcase classname="testngflags.InvocationCountFlag" name="login" time="0.000"/>
  <system-out>
    <![CDATA[login performed]]>
  </system-out>
  <testcase classname="testngflags.InvocationCountFlag" name="login" time="0.001"/>
  <system-out>
    <![CDATA[login performed]]>
  </system-out>
  <testcase classname="testngflags.InvocationCountFlag" name="login" time="0.001"/>
  <system-out>
    <![CDATA[login performed]]>
  </system-out>
  <testcase classname="testngflags.InvocationCountFlag" name="login" time="0.002"/>
  <system-out>
    <![CDATA[login performed]]>
  </system-out>
  <testcase classname="testngflags.InvocationCountFlag" name="login" time="0.001"/>
  <system-out>
    <![CDATA[login performed]]>
  </system-out>
  <testcase classname="testngflags.InvocationCountFlag" name="login" time="0.001"/>
  <system-out>
    <![CDATA[login performed]]>
  </system-out>
  <testcase classname="testngflags.InvocationCountFlag" name="login" time="0.003"/>
  <system-out>
    <![CDATA[login performed]]>
  </system-out>
  <testcase classname="testngflags.InvocationCountFlag" name="login" time="0.001"/>
  <system-out>
    <![CDATA[login performed]]>
  </system-out>
  <testcase classname="testngflags.InvocationCountFlag" name="login" time="0.001"/>
  <system-out>
    <![CDATA[login performed]]>
  </system-out>
  <testcase classname="testngflags.InvocationCountFlag" name="login" time="0.001"/>
  <system-out>
    <![CDATA[login performed]]>
  </system-out>
  <testcase classname="testngflags.InvocationCountFlag" name="login" time="0.001"/>
  <system-out>
    <![CDATA[login performed]]>
  </system-out>
  <testcase classname="testngflags.InvocationCountFlag" name="login" time="0.004"/>
  <system-out>
    <![CDATA[login performed]]>
  </system-out>
  <testcase classname="testngflags.InvocationCountFlag" name="login" time="0.000"/>
  <system-out>
    <![CDATA[login performed]]>
  </system-out>
  <testcase classname="testngflags.InvocationCountFlag" name="login" time="0.000"/>
  <system-out>
    <![CDATA[login performed]]>
  </system-out>
  <testcase classname="testngflags.InvocationCountFlag" name="login" time="0.002"/>
  <system-out>
    <![CDATA[login performed]]>
  </system-out>
  <testcase classname="testngflags.InvocationCountFlag" name="login" time="0.000"/>
  <system-out>
    <![CDATA[login performed]]>
  </system-out>
  <testcase classname="testngflags.InvocationCountFlag" name="login" time="0.002"/>
  <system-out>
    <![CDATA[login performed]]>
  </system-out>
  <testcase classname="testngflags.InvocationCountFlag" name="login" time="0.002"/>
  <system-out>
    <![CDATA[login performed]]>
  </system-out>
  <testcase classname="testngflags.InvocationCountFlag" name="login" time="0.006"/>
  <system-out>
    <![CDATA[login performed]]>
  </system-out>
  <testcase classname="testngflags.InvocationCountFlag" name="login" time="0.001"/>
  <system-out>
    <![CDATA[login performed]]>
  </system-out>
  <testcase classname="testngflags.InvocationCountFlag" name="login" time="0.001"/>
  <system-out>
    <![CDATA[login performed]]>
  </system-out>
  <testcase classname="testngflags.InvocationCountFlag" name="login" time="0.001"/>
  <system-out>
    <![CDATA[login performed]]>
  </system-out>
  <testcase classname="testngflags.InvocationCountFlag" name="login" time="0.003"/>
  <system-out>
    <![CDATA[login performed]]>
  </system-out>
  <testcase classname="testngflags.InvocationCountFlag" name="login" time="0.001"/>
  <system-out>
    <![CDATA[login performed]]>
  </system-out>
  <testcase classname="testngflags.InvocationCountFlag" name="login" time="0.004"/>
  <system-out>
    <![CDATA[login performed]]>
  </system-out>
  <testcase classname="testngflags.InvocationCountFlag" name="login" time="0.001"/>
  <system-out>
    <![CDATA[login performed]]>
  </system-out>
  <testcase classname="testngflags.InvocationCountFlag" name="login" time="0.001"/>
  <system-out>
    <![CDATA[login performed]]>
  </system-out>
  <testcase classname="testngflags.InvocationCountFlag" name="login" time="0.002"/>
  <system-out>
    <![CDATA[login performed]]>
  </system-out>
  <testcase classname="testngflags.InvocationCountFlag" name="login" time="0.001"/>
  <system-out>
    <![CDATA[login performed]]>
  </system-out>
</testsuite> <!-- testngflags.InvocationCountFlag -->
