<?xml version="1.0" encoding="UTF-8"?>
<!-- Generated by org.testng.reporters.JUnitReportReporter -->
<testsuite hostname="admin-pc" failures="0" tests="2" name="testngflags.EnabledFlag" time="0.021" errors="0" timestamp="2022-06-06T15:58:45 IST" skipped="1">
  <testcase classname="testngflags.EnabledFlag" name="login" time="0.021"/>
  <system-out>
    <![CDATA[Login performed]]>
  </system-out>
  <testcase classname="testngflags.EnabledFlag" name="logOut">
    <skipped/>
  </testcase> <!-- logOut -->
  <system-out/>
</testsuite> <!-- testngflags.EnabledFlag -->
