<?xml version="1.0" encoding="UTF-8"?>
<!-- Generated by org.testng.reporters.JUnitReportReporter -->
<testsuite hostname="admin-pc" failures="0" tests="1" name="testngpack.Sumo" time="0.028" errors="0" timestamp="2022-06-06T17:36:05 IST" skipped="0">
  <testcase classname="testngpack.Sumo" name="f" time="0.028"/>
  <system-out>
    <![CDATA[sumo class method]]>
  </system-out>
</testsuite> <!-- testngpack.Sumo -->
