<?xml version="1.0" encoding="UTF-8"?>
<!-- Generated by org.testng.reporters.JUnitReportReporter -->
<testsuite hostname="admin-pc" failures="0" tests="1" name="tsestngClassParallelExecution.Class1" time="146.732" errors="0" timestamp="2022-06-07T13:51:33 IST" skipped="0">
  <testcase classname="tsestngClassParallelExecution.Class1" name="a" time="146.732"/>
  <system-out/>
</testsuite> <!-- tsestngClassParallelExecution.Class1 -->
