<?xml version="1.0" encoding="UTF-8"?>
<!-- Generated by org.testng.reporters.JUnitReportReporter -->
<testsuite hostname="admin-pc" failures="0" tests="2" name="testngflags.DescriptionFlag" time="0.026" errors="0" timestamp="2022-06-06T15:55:38 IST" skipped="0">
  <testcase classname="testngflags.DescriptionFlag" name="login" time="0.004"/>
  <system-out>
    <![CDATA[Login is performed]]>
  </system-out>
  <testcase classname="testngflags.DescriptionFlag" name="logOut" time="0.022"/>
  <system-out>
    <![CDATA[Logout is performed]]>
  </system-out>
</testsuite> <!-- testngflags.DescriptionFlag -->
