<?xml version="1.0" encoding="UTF-8"?>
<!-- Generated by org.testng.reporters.JUnitReportReporter -->
<testsuite hostname="admin-pc" failures="0" tests="8" name="testngflags.PriorityFlag" time="0.062" errors="0" timestamp="2022-06-06T16:08:28 IST" skipped="0">
  <testcase classname="testngflags.PriorityFlag" name="b" time="0.003"/>
  <system-out>
    <![CDATA[b]]>
  </system-out>
  <testcase classname="testngflags.PriorityFlag" name="c" time="0.009"/>
  <system-out>
    <![CDATA[c]]>
  </system-out>
  <testcase classname="testngflags.PriorityFlag" name="z" time="0.003"/>
  <system-out>
    <![CDATA[h]]>
  </system-out>
  <testcase classname="testngflags.PriorityFlag" name="a" time="0.021"/>
  <system-out>
    <![CDATA[a]]>
  </system-out>
  <testcase classname="testngflags.PriorityFlag" name="l" time="0.005"/>
  <system-out>
    <![CDATA[l]]>
  </system-out>
  <testcase classname="testngflags.PriorityFlag" name="k" time="0.015"/>
  <system-out>
    <![CDATA[k]]>
  </system-out>
  <testcase classname="testngflags.PriorityFlag" name="h" time="0.003"/>
  <system-out>
    <![CDATA[h]]>
  </system-out>
  <testcase classname="testngflags.PriorityFlag" name="f" time="0.003"/>
  <system-out>
    <![CDATA[f]]>
  </system-out>
</testsuite> <!-- testngflags.PriorityFlag -->
