<?xml version="1.0" encoding="UTF-8"?>
<!-- Generated by org.testng.reporters.JUnitReportReporter -->
<testsuite hostname="admin-pc" failures="0" tests="1" name="tsestngClassParallelExecution.Class3" time="148.043" errors="0" timestamp="2022-06-07T13:51:34 IST" skipped="0">
  <testcase classname="tsestngClassParallelExecution.Class3" name="c" time="148.043"/>
  <system-out/>
</testsuite> <!-- tsestngClassParallelExecution.Class3 -->
