<?xml version="1.0" encoding="UTF-8"?>
<!-- Generated by org.testng.reporters.JUnitReportReporter -->
<testsuite hostname="admin-pc" failures="0" tests="1" name="testngReadDataFromXML.ActiTimeLogin" time="42.662" errors="0" timestamp="2022-06-07T14:01:23 IST" skipped="0">
  <testcase classname="testngReadDataFromXML.ActiTimeLogin" name="actiTimeLogin" time="42.662"/>
  <system-out/>
</testsuite> <!-- testngReadDataFromXML.ActiTimeLogin -->
