<?xml version="1.0" encoding="UTF-8"?>
<!-- Generated by org.testng.reporters.JUnitReportReporter -->
<testsuite hostname="admin-pc" failures="0" tests="12" name="testngflags.GroupFlag" time="0.059" errors="0" timestamp="2022-06-06T09:29:41 IST" skipped="0">
  <testcase classname="testngflags.GroupFlag" name="ft2" time="0.006"/>
  <system-out>
    <![CDATA[ft1]]>
  </system-out>
  <testcase classname="testngflags.GroupFlag" name="ft6" time="0.004"/>
  <system-out>
    <![CDATA[ft6]]>
  </system-out>
  <testcase classname="testngflags.GroupFlag" name="ft1" time="0.018"/>
  <system-out>
    <![CDATA[ft1]]>
  </system-out>
  <testcase classname="testngflags.GroupFlag" name="it2" time="0.003"/>
  <system-out>
    <![CDATA[it2]]>
  </system-out>
  <testcase classname="testngflags.GroupFlag" name="it3" time="0.004"/>
  <system-out>
    <![CDATA[it3]]>
  </system-out>
  <testcase classname="testngflags.GroupFlag" name="it4" time="0.005"/>
  <system-out>
    <![CDATA[it4]]>
  </system-out>
  <testcase classname="testngflags.GroupFlag" name="it6" time="0.002"/>
  <system-out>
    <![CDATA[it6]]>
  </system-out>
  <testcase classname="testngflags.GroupFlag" name="ft5" time="0.005"/>
  <system-out>
    <![CDATA[ft5]]>
  </system-out>
  <testcase classname="testngflags.GroupFlag" name="it5" time="0.003"/>
  <system-out>
    <![CDATA[it5]]>
  </system-out>
  <testcase classname="testngflags.GroupFlag" name="it1" time="0.002"/>
  <system-out>
    <![CDATA[it1]]>
  </system-out>
  <testcase classname="testngflags.GroupFlag" name="ft3" time="0.004"/>
  <system-out>
    <![CDATA[ft3]]>
  </system-out>
  <testcase classname="testngflags.GroupFlag" name="ft4" time="0.003"/>
  <system-out>
    <![CDATA[ft4]]>
  </system-out>
</testsuite> <!-- testngflags.GroupFlag -->
