<?xml version="1.0" encoding="UTF-8"?>
<!-- Generated by org.testng.reporters.JUnitReportReporter -->
<testsuite hostname="admin-pc" failures="0" tests="1" name="tsetngAssertion.TestNGAssertions" time="45.590" errors="0" timestamp="2022-06-08T09:43:23 IST" skipped="0">
  <testcase classname="tsetngAssertion.TestNGAssertions" name="testCase" time="45.590"/>
  <system-out>
    <![CDATA[Create user]]>
  </system-out>
</testsuite> <!-- tsetngAssertion.TestNGAssertions -->
